<?xml version="1.0" encoding="UTF-8"?>
<!-- Generated by org.testng.reporters.JUnitReportReporter -->
<testsuite skipped="0" hostname="Malikas-Air" name="com.syntax.class01.TestNgIntro" tests="4" failures="0" timestamp="2020-08-29T11:16:43 EDT" time="0.019" errors="0">
  <testcase name="testThree" time="0.002" classname="com.syntax.class01.TestNgIntro"/>
  <system-out/>
  <testcase name="testFour" time="0.012" classname="com.syntax.class01.TestNgIntro"/>
  <system-out/>
  <testcase name="testTwo" time="0.002" classname="com.syntax.class01.TestNgIntro"/>
  <system-out/>
  <testcase name="testOne" time="0.003" classname="com.syntax.class01.TestNgIntro"/>
  <system-out/>
</testsuite> <!-- com.syntax.class01.TestNgIntro -->
